[2023-11-08 15:46:31Z INFO HostContext] No proxy settings were found based on environmental variables (http_proxy/https_proxy/HTTP_PROXY/HTTPS_PROXY)
[2023-11-08 15:46:31Z INFO HostContext] Well known directory 'Bin': 'C:\Users\MohamedFOFANA\app1\actions-runner\bin'
[2023-11-08 15:46:31Z INFO HostContext] Well known directory 'Root': 'C:\Users\MohamedFOFANA\app1\actions-runner'
[2023-11-08 15:46:31Z INFO HostContext] Well known config file 'Credentials': 'C:\Users\MohamedFOFANA\app1\actions-runner\.credentials'
[2023-11-08 15:46:31Z INFO HostContext] Well known directory 'Bin': 'C:\Users\MohamedFOFANA\app1\actions-runner\bin'
[2023-11-08 15:46:31Z INFO HostContext] Well known directory 'Root': 'C:\Users\MohamedFOFANA\app1\actions-runner'
[2023-11-08 15:46:31Z INFO HostContext] Well known config file 'Runner': 'C:\Users\MohamedFOFANA\app1\actions-runner\.runner'
[2023-11-08 15:46:31Z INFO Listener] Runner is built for Windows (X64) - win-x64.
[2023-11-08 15:46:31Z INFO Listener] RuntimeInformation: Microsoft Windows 10.0.22621.
[2023-11-08 15:46:31Z INFO Listener] Version: 2.311.0
[2023-11-08 15:46:31Z INFO Listener] Commit: f5cff308c83746dddd726a9a28a1583872305aaa
[2023-11-08 15:46:31Z INFO Listener] Culture: fr-FR
[2023-11-08 15:46:31Z INFO Listener] UI Culture: fr-FR
[2023-11-08 15:46:31Z INFO HostContext] Well known directory 'Bin': 'C:\Users\MohamedFOFANA\app1\actions-runner\bin'
[2023-11-08 15:46:31Z INFO HostContext] Well known directory 'Root': 'C:\Users\MohamedFOFANA\app1\actions-runner'
[2023-11-08 15:46:31Z INFO Listener] Validating directory permissions for: 'C:\Users\MohamedFOFANA\app1\actions-runner'
[2023-11-08 15:46:31Z INFO CommandLineParser] Parse
[2023-11-08 15:46:31Z INFO CommandLineParser] Parsing 1 args
[2023-11-08 15:46:31Z INFO CommandLineParser] parsing argument
[2023-11-08 15:46:31Z INFO CommandLineParser] HasArgs: False
[2023-11-08 15:46:31Z INFO CommandLineParser] Adding Command: run
[2023-11-08 15:46:31Z INFO Listener] Arguments parsed
[2023-11-08 15:46:31Z INFO Runner] ExecuteCommand
[2023-11-08 15:46:31Z INFO ConfigurationStore] currentAssemblyLocation: C:\Users\MohamedFOFANA\app1\actions-runner\bin\Runner.Listener.dll
[2023-11-08 15:46:31Z INFO HostContext] Well known directory 'Bin': 'C:\Users\MohamedFOFANA\app1\actions-runner\bin'
[2023-11-08 15:46:31Z INFO ConfigurationStore] binPath: C:\Users\MohamedFOFANA\app1\actions-runner\bin
[2023-11-08 15:46:31Z INFO HostContext] Well known directory 'Bin': 'C:\Users\MohamedFOFANA\app1\actions-runner\bin'
[2023-11-08 15:46:31Z INFO HostContext] Well known directory 'Root': 'C:\Users\MohamedFOFANA\app1\actions-runner'
[2023-11-08 15:46:31Z INFO ConfigurationStore] RootFolder: C:\Users\MohamedFOFANA\app1\actions-runner
[2023-11-08 15:46:31Z INFO HostContext] Well known directory 'Bin': 'C:\Users\MohamedFOFANA\app1\actions-runner\bin'
[2023-11-08 15:46:31Z INFO HostContext] Well known directory 'Root': 'C:\Users\MohamedFOFANA\app1\actions-runner'
[2023-11-08 15:46:31Z INFO HostContext] Well known config file 'Runner': 'C:\Users\MohamedFOFANA\app1\actions-runner\.runner'
[2023-11-08 15:46:31Z INFO ConfigurationStore] ConfigFilePath: C:\Users\MohamedFOFANA\app1\actions-runner\.runner
[2023-11-08 15:46:31Z INFO HostContext] Well known directory 'Bin': 'C:\Users\MohamedFOFANA\app1\actions-runner\bin'
[2023-11-08 15:46:31Z INFO HostContext] Well known directory 'Root': 'C:\Users\MohamedFOFANA\app1\actions-runner'
[2023-11-08 15:46:31Z INFO HostContext] Well known config file 'Credentials': 'C:\Users\MohamedFOFANA\app1\actions-runner\.credentials'
[2023-11-08 15:46:31Z INFO ConfigurationStore] CredFilePath: C:\Users\MohamedFOFANA\app1\actions-runner\.credentials
[2023-11-08 15:46:31Z INFO HostContext] Well known directory 'Bin': 'C:\Users\MohamedFOFANA\app1\actions-runner\bin'
[2023-11-08 15:46:31Z INFO HostContext] Well known directory 'Root': 'C:\Users\MohamedFOFANA\app1\actions-runner'
[2023-11-08 15:46:31Z INFO HostContext] Well known config file 'MigratedCredentials': 'C:\Users\MohamedFOFANA\app1\actions-runner\.credentials_migrated'
[2023-11-08 15:46:31Z INFO ConfigurationStore] MigratedCredFilePath: C:\Users\MohamedFOFANA\app1\actions-runner\.credentials_migrated
[2023-11-08 15:46:31Z INFO HostContext] Well known directory 'Bin': 'C:\Users\MohamedFOFANA\app1\actions-runner\bin'
[2023-11-08 15:46:31Z INFO HostContext] Well known directory 'Root': 'C:\Users\MohamedFOFANA\app1\actions-runner'
[2023-11-08 15:46:31Z INFO HostContext] Well known config file 'Service': 'C:\Users\MohamedFOFANA\app1\actions-runner\.service'
[2023-11-08 15:46:31Z INFO ConfigurationStore] ServiceConfigFilePath: C:\Users\MohamedFOFANA\app1\actions-runner\.service
[2023-11-08 15:46:31Z INFO CommandSettings] Flag 'help': 'False'
[2023-11-08 15:46:31Z INFO CommandSettings] Flag 'version': 'False'
[2023-11-08 15:46:31Z INFO CommandSettings] Flag 'commit': 'False'
[2023-11-08 15:46:31Z INFO CommandSettings] Flag 'check': 'False'
[2023-11-08 15:46:31Z INFO CommandSettings] Command 'configure': 'False'
[2023-11-08 15:46:31Z INFO CommandSettings] Command 'remove': 'False'
[2023-11-08 15:46:31Z INFO CommandSettings] Command 'warmup': 'False'
[2023-11-08 15:46:31Z INFO ConfigurationManager] LoadSettings
[2023-11-08 15:46:31Z INFO ConfigurationStore] IsConfigured()
[2023-11-08 15:46:31Z INFO ConfigurationStore] IsConfigured: True
[2023-11-08 15:46:31Z INFO ConfigurationManager] Is configured: True
[2023-11-08 15:46:31Z INFO ConfigurationStore] Read setting file: 306 chars
[2023-11-08 15:46:31Z INFO ConfigurationManager] Settings Loaded
[2023-11-08 15:46:31Z INFO ConfigurationStore] IsServiceConfigured()
[2023-11-08 15:46:31Z INFO ConfigurationStore] IsServiceConfigured: False
[2023-11-08 15:46:31Z INFO CommandSettings] Command 'run': 'True'
[2023-11-08 15:46:31Z INFO ConfigurationStore] IsConfigured()
[2023-11-08 15:46:31Z INFO ConfigurationStore] IsConfigured: True
[2023-11-08 15:46:31Z INFO ConfigurationManager] Is configured: True
[2023-11-08 15:46:31Z INFO Runner] Could not parse the argument value '' for StartupType. Defaulting to Manual
[2023-11-08 15:46:31Z INFO Runner] Set runner startup type - Manual
[2023-11-08 15:46:31Z INFO CommandSettings] Flag 'once': 'False'
[2023-11-08 15:46:31Z INFO CommandSettings] Flag 'once': 'False'
[2023-11-08 15:46:31Z INFO Runner] RunAsync
[2023-11-08 15:46:31Z INFO ConfigurationManager] LoadSettings
[2023-11-08 15:46:31Z INFO ConfigurationStore] IsConfigured()
[2023-11-08 15:46:31Z INFO ConfigurationStore] IsConfigured: True
[2023-11-08 15:46:31Z INFO ConfigurationManager] Is configured: True
[2023-11-08 15:46:31Z INFO ConfigurationManager] Settings Loaded
[2023-11-08 15:46:31Z INFO MessageListener] {
  "AgentId": 22,
  "AgentName": "DESKTOP-4Q8ADFB",
  "PoolId": 1,
  "PoolName": "Default",
  "ServerUrl": "https://pipelinesghubeus15.actions.githubusercontent.com/TuhIhCHKMOekCgnNwZjUpuMyiFALFfPRJBaTMKePLM0OGuVVX5/",
  "GitHubUrl": "https://github.com/fofanasbsi/app1",
  "WorkFolder": "_work"
}
[2023-11-08 15:46:31Z INFO MessageListener] Loading Credentials
[2023-11-08 15:46:31Z INFO ConfigurationStore] HasCredentials()
[2023-11-08 15:46:31Z INFO ConfigurationStore] stored True
[2023-11-08 15:46:31Z INFO CredentialManager] GetCredentialProvider
[2023-11-08 15:46:31Z INFO CredentialManager] Creating type OAuth
[2023-11-08 15:46:31Z INFO CredentialManager] Creating credential type: OAuth
[2023-11-08 15:46:31Z INFO HostContext] Well known directory 'Bin': 'C:\Users\MohamedFOFANA\app1\actions-runner\bin'
[2023-11-08 15:46:31Z INFO HostContext] Well known directory 'Root': 'C:\Users\MohamedFOFANA\app1\actions-runner'
[2023-11-08 15:46:31Z INFO HostContext] Well known config file 'RSACredentials': 'C:\Users\MohamedFOFANA\app1\actions-runner\.credentials_rsaparams'
[2023-11-08 15:46:31Z INFO RSAEncryptedFileKeyManager] Loading RSA key parameters from file C:\Users\MohamedFOFANA\app1\actions-runner\.credentials_rsaparams
[2023-11-08 15:46:31Z INFO MessageListener] Attempt to create session.
[2023-11-08 15:46:31Z INFO MessageListener] Connecting to the Runner Server...
[2023-11-08 15:46:31Z INFO RunnerServer] EstablishVssConnection
[2023-11-08 15:46:31Z INFO RunnerServer] Establish connection with 100 seconds timeout.
[2023-11-08 15:46:31Z INFO GitHubActionsService] Starting operation Location.GetConnectionData
[2023-11-08 15:46:31Z INFO RunnerServer] EstablishVssConnection
[2023-11-08 15:46:31Z INFO RunnerServer] Establish connection with 60 seconds timeout.
[2023-11-08 15:46:31Z INFO GitHubActionsService] Starting operation Location.GetConnectionData
[2023-11-08 15:46:31Z INFO RunnerServer] EstablishVssConnection
[2023-11-08 15:46:31Z INFO RunnerServer] Establish connection with 60 seconds timeout.
[2023-11-08 15:46:31Z INFO GitHubActionsService] Starting operation Location.GetConnectionData
[2023-11-08 15:46:32Z INFO GitHubActionsService] Finished operation Location.GetConnectionData
[2023-11-08 15:46:32Z INFO GitHubActionsService] Finished operation Location.GetConnectionData
[2023-11-08 15:46:32Z INFO GitHubActionsService] Finished operation Location.GetConnectionData
[2023-11-08 15:46:32Z INFO MessageListener] VssConnection created
[2023-11-08 15:46:32Z INFO Terminal] WRITE LINE: 
[2023-11-08 15:46:32Z INFO Terminal] WRITE LINE: 
[2023-11-08 15:46:32Z INFO RSAEncryptedFileKeyManager] Loading RSA key parameters from file C:\Users\MohamedFOFANA\app1\actions-runner\.credentials_rsaparams
[2023-11-08 15:46:32Z INFO RSAEncryptedFileKeyManager] Loading RSA key parameters from file C:\Users\MohamedFOFANA\app1\actions-runner\.credentials_rsaparams
[2023-11-08 15:46:47Z INFO GitHubActionsService] AAD Correlation ID for this token request: Unknown
[2023-11-08 15:46:47Z WARN GitHubActionsService] Retrieving an AAD auth token took a long time (15,3370558 seconds)
[2023-11-08 15:46:48Z INFO MessageListener] Session created.
[2023-11-08 15:46:48Z INFO Terminal] WRITE LINE: Current runner version: '2.311.0'
[2023-11-08 15:46:48Z INFO Terminal] WRITE LINE: 2023-11-08 15:46:48Z: Listening for Jobs
[2023-11-08 15:46:48Z INFO JobDispatcher] Set runner/worker IPC timeout to 30 seconds.
[2023-11-09 08:01:29Z WARN GitHubActionsService] GET request to https://pipelinesghubeus15.actions.githubusercontent.com/TuhIhCHKMOekCgnNwZjUpuMyiFALFfPRJBaTMKePLM0OGuVVX5/_apis/distributedtask/pools/1/messages?sessionId=9f4b26a3-7f04-4409-a4d6-4bf26a41f0ef&status=Online&runnerVersion=2.311.0&os=Windows&architecture=X64 timed out after 60 seconds.
[2023-11-09 08:01:29Z ERR  MessageListener] Catch exception during get next message.
[2023-11-09 08:01:29Z ERR  MessageListener] System.TimeoutException: The HTTP request timed out after 00:01:00.
 ---> System.Threading.Tasks.TaskCanceledException: The operation was canceled.
 ---> System.IO.IOException: Unable to read data from the transport connection: L’opération d’entrée/sortie a été abandonnée en raison de l’arrêt d’un thread ou à la demande d’une application..
 ---> System.Net.Sockets.SocketException (995): L’opération d’entrée/sortie a été abandonnée en raison de l’arrêt d’un thread ou à la demande d’une application.
   --- End of inner exception stack trace ---
   at System.Net.Sockets.Socket.AwaitableSocketAsyncEventArgs.ThrowException(SocketError error, CancellationToken cancellationToken)
   at System.Net.Sockets.Socket.AwaitableSocketAsyncEventArgs.System.Threading.Tasks.Sources.IValueTaskSource<System.Int32>.GetResult(Int16 token)
   at System.Net.Security.SslStream.EnsureFullTlsFrameAsync[TIOAdapter](TIOAdapter adapter)
   at System.Net.Security.SslStream.ReadAsyncInternal[TIOAdapter](TIOAdapter adapter, Memory`1 buffer)
   at System.Net.Http.HttpConnection.SendAsyncCore(HttpRequestMessage request, Boolean async, CancellationToken cancellationToken)
   --- End of inner exception stack trace ---
   at System.Net.Http.HttpConnection.SendAsyncCore(HttpRequestMessage request, Boolean async, CancellationToken cancellationToken)
   at System.Net.Http.AuthenticationHelper.SendWithNtAuthAsync(HttpRequestMessage request, Uri authUri, Boolean async, ICredentials credentials, Boolean isProxyAuth, HttpConnection connection, HttpConnectionPool connectionPool, CancellationToken cancellationToken)
   at System.Net.Http.HttpConnectionPool.SendWithVersionDetectionAndRetryAsync(HttpRequestMessage request, Boolean async, Boolean doRequestAuth, CancellationToken cancellationToken)
   at System.Net.Http.AuthenticationHelper.SendWithAuthAsync(HttpRequestMessage request, Uri authUri, Boolean async, ICredentials credentials, Boolean preAuthenticate, Boolean isProxyAuth, Boolean doRequestAuth, HttpConnectionPool pool, CancellationToken cancellationToken)
   at System.Net.Http.DecompressionHandler.SendAsync(HttpRequestMessage request, Boolean async, CancellationToken cancellationToken)
   at GitHub.Services.Common.VssHttpMessageHandler.SendAsync(HttpRequestMessage request, CancellationToken cancellationToken)
   --- End of inner exception stack trace ---
   at GitHub.Services.Common.VssHttpMessageHandler.SendAsync(HttpRequestMessage request, CancellationToken cancellationToken)
   at GitHub.Services.Common.VssHttpRetryMessageHandler.SendAsync(HttpRequestMessage request, CancellationToken cancellationToken)
   at System.Net.Http.HttpClient.<SendAsync>g__Core|83_0(HttpRequestMessage request, HttpCompletionOption completionOption, CancellationTokenSource cts, Boolean disposeCts, CancellationTokenSource pendingRequestsCts, CancellationToken originalCancellationToken)
   at GitHub.Services.WebApi.VssHttpClientBase.SendAsync(HttpRequestMessage message, HttpCompletionOption completionOption, Object userState, CancellationToken cancellationToken)
   at GitHub.Services.WebApi.VssHttpClientBase.SendAsync[T](HttpRequestMessage message, Object userState, CancellationToken cancellationToken)
   at GitHub.Services.WebApi.VssHttpClientBase.SendAsync[T](HttpMethod method, IEnumerable`1 additionalHeaders, Guid locationId, Object routeValues, ApiResourceVersion version, HttpContent content, IEnumerable`1 queryParameters, Object userState, CancellationToken cancellationToken)
   at GitHub.Runner.Listener.MessageListener.GetNextMessageAsync(CancellationToken token)
[2023-11-09 08:01:29Z ERR  MessageListener] #####################################################
[2023-11-09 08:01:29Z ERR  MessageListener] System.Threading.Tasks.TaskCanceledException: The operation was canceled.
 ---> System.IO.IOException: Unable to read data from the transport connection: L’opération d’entrée/sortie a été abandonnée en raison de l’arrêt d’un thread ou à la demande d’une application..
 ---> System.Net.Sockets.SocketException (995): L’opération d’entrée/sortie a été abandonnée en raison de l’arrêt d’un thread ou à la demande d’une application.
   --- End of inner exception stack trace ---
   at System.Net.Sockets.Socket.AwaitableSocketAsyncEventArgs.ThrowException(SocketError error, CancellationToken cancellationToken)
   at System.Net.Sockets.Socket.AwaitableSocketAsyncEventArgs.System.Threading.Tasks.Sources.IValueTaskSource<System.Int32>.GetResult(Int16 token)
   at System.Net.Security.SslStream.EnsureFullTlsFrameAsync[TIOAdapter](TIOAdapter adapter)
   at System.Net.Security.SslStream.ReadAsyncInternal[TIOAdapter](TIOAdapter adapter, Memory`1 buffer)
   at System.Net.Http.HttpConnection.SendAsyncCore(HttpRequestMessage request, Boolean async, CancellationToken cancellationToken)
   --- End of inner exception stack trace ---
   at System.Net.Http.HttpConnection.SendAsyncCore(HttpRequestMessage request, Boolean async, CancellationToken cancellationToken)
   at System.Net.Http.AuthenticationHelper.SendWithNtAuthAsync(HttpRequestMessage request, Uri authUri, Boolean async, ICredentials credentials, Boolean isProxyAuth, HttpConnection connection, HttpConnectionPool connectionPool, CancellationToken cancellationToken)
   at System.Net.Http.HttpConnectionPool.SendWithVersionDetectionAndRetryAsync(HttpRequestMessage request, Boolean async, Boolean doRequestAuth, CancellationToken cancellationToken)
   at System.Net.Http.AuthenticationHelper.SendWithAuthAsync(HttpRequestMessage request, Uri authUri, Boolean async, ICredentials credentials, Boolean preAuthenticate, Boolean isProxyAuth, Boolean doRequestAuth, HttpConnectionPool pool, CancellationToken cancellationToken)
   at System.Net.Http.DecompressionHandler.SendAsync(HttpRequestMessage request, Boolean async, CancellationToken cancellationToken)
   at GitHub.Services.Common.VssHttpMessageHandler.SendAsync(HttpRequestMessage request, CancellationToken cancellationToken)
[2023-11-09 08:01:29Z ERR  MessageListener] #####################################################
[2023-11-09 08:01:29Z ERR  MessageListener] System.IO.IOException: Unable to read data from the transport connection: L’opération d’entrée/sortie a été abandonnée en raison de l’arrêt d’un thread ou à la demande d’une application..
 ---> System.Net.Sockets.SocketException (995): L’opération d’entrée/sortie a été abandonnée en raison de l’arrêt d’un thread ou à la demande d’une application.
   --- End of inner exception stack trace ---
   at System.Net.Sockets.Socket.AwaitableSocketAsyncEventArgs.ThrowException(SocketError error, CancellationToken cancellationToken)
   at System.Net.Sockets.Socket.AwaitableSocketAsyncEventArgs.System.Threading.Tasks.Sources.IValueTaskSource<System.Int32>.GetResult(Int16 token)
   at System.Net.Security.SslStream.EnsureFullTlsFrameAsync[TIOAdapter](TIOAdapter adapter)
   at System.Net.Security.SslStream.ReadAsyncInternal[TIOAdapter](TIOAdapter adapter, Memory`1 buffer)
   at System.Net.Http.HttpConnection.SendAsyncCore(HttpRequestMessage request, Boolean async, CancellationToken cancellationToken)
[2023-11-09 08:01:29Z ERR  MessageListener] #####################################################
[2023-11-09 08:01:29Z ERR  MessageListener] System.Net.Sockets.SocketException (995): L’opération d’entrée/sortie a été abandonnée en raison de l’arrêt d’un thread ou à la demande d’une application.
[2023-11-09 08:01:29Z INFO MessageListener] Retriable exception: The HTTP request timed out after 00:01:00.
[2023-11-09 08:01:29Z ERR  Terminal] WRITE ERROR: 2023-11-09 08:01:29Z: Runner connect error: The HTTP request timed out after 00:01:00.. Retrying until reconnected.
[2023-11-09 08:01:29Z INFO RunnerServer] Refresh MessageQueue VssConnection to get on a different AFD node.
[2023-11-09 08:01:29Z INFO RunnerServer] EstablishVssConnection
[2023-11-09 08:01:29Z INFO RunnerServer] Establish connection with 60 seconds timeout.
[2023-11-09 08:01:29Z INFO GitHubActionsService] Starting operation Location.GetConnectionData
[2023-11-09 08:01:30Z INFO GitHubActionsService] Finished operation Location.GetConnectionData
[2023-11-09 08:01:30Z INFO MessageListener] Sleeping for 25.893 seconds before retrying.
[2023-11-09 08:01:56Z INFO MessageListener] No message retrieved from session '9f4b26a3-7f04-4409-a4d6-4bf26a41f0ef' within last 30 minutes.
[2023-11-09 08:01:56Z INFO RSAEncryptedFileKeyManager] Loading RSA key parameters from file C:\Users\MohamedFOFANA\app1\actions-runner\.credentials_rsaparams
[2023-11-09 08:01:56Z INFO GitHubActionsService] AAD Correlation ID for this token request: Unknown
[2023-11-09 08:02:46Z INFO Terminal] WRITE LINE: 2023-11-09 08:02:46Z: Runner reconnected.
[2023-11-09 08:32:03Z INFO MessageListener] No message retrieved from session '9f4b26a3-7f04-4409-a4d6-4bf26a41f0ef' within last 30 minutes.
[2023-11-09 08:57:09Z INFO RSAEncryptedFileKeyManager] Loading RSA key parameters from file C:\Users\MohamedFOFANA\app1\actions-runner\.credentials_rsaparams
[2023-11-09 08:57:24Z INFO GitHubActionsService] AAD Correlation ID for this token request: Unknown
[2023-11-09 08:57:24Z WARN GitHubActionsService] Retrieving an AAD auth token took a long time (15,6856589 seconds)
[2023-11-09 08:58:09Z WARN GitHubActionsService] GET request to https://pipelinesghubeus15.actions.githubusercontent.com/TuhIhCHKMOekCgnNwZjUpuMyiFALFfPRJBaTMKePLM0OGuVVX5/_apis/distributedtask/pools/1/messages?sessionId=9f4b26a3-7f04-4409-a4d6-4bf26a41f0ef&status=Online&runnerVersion=2.311.0&os=Windows&architecture=X64 timed out after 60 seconds.
[2023-11-09 08:58:09Z ERR  MessageListener] Catch exception during get next message.
[2023-11-09 08:58:09Z ERR  MessageListener] System.TimeoutException: The HTTP request timed out after 00:01:00.
 ---> System.Threading.Tasks.TaskCanceledException: The operation was canceled.
 ---> System.IO.IOException: Unable to read data from the transport connection: L’opération d’entrée/sortie a été abandonnée en raison de l’arrêt d’un thread ou à la demande d’une application..
 ---> System.Net.Sockets.SocketException (995): L’opération d’entrée/sortie a été abandonnée en raison de l’arrêt d’un thread ou à la demande d’une application.
   --- End of inner exception stack trace ---
   at System.Net.Sockets.Socket.AwaitableSocketAsyncEventArgs.ThrowException(SocketError error, CancellationToken cancellationToken)
   at System.Net.Sockets.Socket.AwaitableSocketAsyncEventArgs.System.Threading.Tasks.Sources.IValueTaskSource<System.Int32>.GetResult(Int16 token)
   at System.Net.Security.SslStream.ReadAsyncInternal[TIOAdapter](TIOAdapter adapter, Memory`1 buffer)
   at System.Net.Http.HttpConnection.<CheckUsabilityOnScavenge>g__ReadAheadWithZeroByteReadAsync|45_0()
   at System.Net.Http.HttpConnection.SendAsyncCore(HttpRequestMessage request, Boolean async, CancellationToken cancellationToken)
   --- End of inner exception stack trace ---
   at System.Net.Http.HttpConnection.SendAsyncCore(HttpRequestMessage request, Boolean async, CancellationToken cancellationToken)
   at System.Net.Http.AuthenticationHelper.SendWithNtAuthAsync(HttpRequestMessage request, Uri authUri, Boolean async, ICredentials credentials, Boolean isProxyAuth, HttpConnection connection, HttpConnectionPool connectionPool, CancellationToken cancellationToken)
   at System.Net.Http.HttpConnectionPool.SendWithVersionDetectionAndRetryAsync(HttpRequestMessage request, Boolean async, Boolean doRequestAuth, CancellationToken cancellationToken)
   at System.Net.Http.AuthenticationHelper.SendWithAuthAsync(HttpRequestMessage request, Uri authUri, Boolean async, ICredentials credentials, Boolean preAuthenticate, Boolean isProxyAuth, Boolean doRequestAuth, HttpConnectionPool pool, CancellationToken cancellationToken)
   at System.Net.Http.DecompressionHandler.SendAsync(HttpRequestMessage request, Boolean async, CancellationToken cancellationToken)
   at GitHub.Services.Common.VssHttpMessageHandler.SendAsync(HttpRequestMessage request, CancellationToken cancellationToken)
   --- End of inner exception stack trace ---
   at GitHub.Services.Common.VssHttpMessageHandler.SendAsync(HttpRequestMessage request, CancellationToken cancellationToken)
   at GitHub.Services.Common.VssHttpRetryMessageHandler.SendAsync(HttpRequestMessage request, CancellationToken cancellationToken)
   at System.Net.Http.HttpClient.<SendAsync>g__Core|83_0(HttpRequestMessage request, HttpCompletionOption completionOption, CancellationTokenSource cts, Boolean disposeCts, CancellationTokenSource pendingRequestsCts, CancellationToken originalCancellationToken)
   at GitHub.Services.WebApi.VssHttpClientBase.SendAsync(HttpRequestMessage message, HttpCompletionOption completionOption, Object userState, CancellationToken cancellationToken)
   at GitHub.Services.WebApi.VssHttpClientBase.SendAsync[T](HttpRequestMessage message, Object userState, CancellationToken cancellationToken)
   at GitHub.Services.WebApi.VssHttpClientBase.SendAsync[T](HttpMethod method, IEnumerable`1 additionalHeaders, Guid locationId, Object routeValues, ApiResourceVersion version, HttpContent content, IEnumerable`1 queryParameters, Object userState, CancellationToken cancellationToken)
   at GitHub.Runner.Listener.MessageListener.GetNextMessageAsync(CancellationToken token)
[2023-11-09 08:58:09Z ERR  MessageListener] #####################################################
[2023-11-09 08:58:09Z ERR  MessageListener] System.Threading.Tasks.TaskCanceledException: The operation was canceled.
 ---> System.IO.IOException: Unable to read data from the transport connection: L’opération d’entrée/sortie a été abandonnée en raison de l’arrêt d’un thread ou à la demande d’une application..
 ---> System.Net.Sockets.SocketException (995): L’opération d’entrée/sortie a été abandonnée en raison de l’arrêt d’un thread ou à la demande d’une application.
   --- End of inner exception stack trace ---
   at System.Net.Sockets.Socket.AwaitableSocketAsyncEventArgs.ThrowException(SocketError error, CancellationToken cancellationToken)
   at System.Net.Sockets.Socket.AwaitableSocketAsyncEventArgs.System.Threading.Tasks.Sources.IValueTaskSource<System.Int32>.GetResult(Int16 token)
   at System.Net.Security.SslStream.ReadAsyncInternal[TIOAdapter](TIOAdapter adapter, Memory`1 buffer)
   at System.Net.Http.HttpConnection.<CheckUsabilityOnScavenge>g__ReadAheadWithZeroByteReadAsync|45_0()
   at System.Net.Http.HttpConnection.SendAsyncCore(HttpRequestMessage request, Boolean async, CancellationToken cancellationToken)
   --- End of inner exception stack trace ---
   at System.Net.Http.HttpConnection.SendAsyncCore(HttpRequestMessage request, Boolean async, CancellationToken cancellationToken)
   at System.Net.Http.AuthenticationHelper.SendWithNtAuthAsync(HttpRequestMessage request, Uri authUri, Boolean async, ICredentials credentials, Boolean isProxyAuth, HttpConnection connection, HttpConnectionPool connectionPool, CancellationToken cancellationToken)
   at System.Net.Http.HttpConnectionPool.SendWithVersionDetectionAndRetryAsync(HttpRequestMessage request, Boolean async, Boolean doRequestAuth, CancellationToken cancellationToken)
   at System.Net.Http.AuthenticationHelper.SendWithAuthAsync(HttpRequestMessage request, Uri authUri, Boolean async, ICredentials credentials, Boolean preAuthenticate, Boolean isProxyAuth, Boolean doRequestAuth, HttpConnectionPool pool, CancellationToken cancellationToken)
   at System.Net.Http.DecompressionHandler.SendAsync(HttpRequestMessage request, Boolean async, CancellationToken cancellationToken)
   at GitHub.Services.Common.VssHttpMessageHandler.SendAsync(HttpRequestMessage request, CancellationToken cancellationToken)
[2023-11-09 08:58:09Z ERR  MessageListener] #####################################################
[2023-11-09 08:58:09Z ERR  MessageListener] System.IO.IOException: Unable to read data from the transport connection: L’opération d’entrée/sortie a été abandonnée en raison de l’arrêt d’un thread ou à la demande d’une application..
 ---> System.Net.Sockets.SocketException (995): L’opération d’entrée/sortie a été abandonnée en raison de l’arrêt d’un thread ou à la demande d’une application.
   --- End of inner exception stack trace ---
   at System.Net.Sockets.Socket.AwaitableSocketAsyncEventArgs.ThrowException(SocketError error, CancellationToken cancellationToken)
   at System.Net.Sockets.Socket.AwaitableSocketAsyncEventArgs.System.Threading.Tasks.Sources.IValueTaskSource<System.Int32>.GetResult(Int16 token)
   at System.Net.Security.SslStream.ReadAsyncInternal[TIOAdapter](TIOAdapter adapter, Memory`1 buffer)
   at System.Net.Http.HttpConnection.<CheckUsabilityOnScavenge>g__ReadAheadWithZeroByteReadAsync|45_0()
   at System.Net.Http.HttpConnection.SendAsyncCore(HttpRequestMessage request, Boolean async, CancellationToken cancellationToken)
[2023-11-09 08:58:09Z ERR  MessageListener] #####################################################
[2023-11-09 08:58:09Z ERR  MessageListener] System.Net.Sockets.SocketException (995): L’opération d’entrée/sortie a été abandonnée en raison de l’arrêt d’un thread ou à la demande d’une application.
[2023-11-09 08:58:09Z INFO MessageListener] Retriable exception: The HTTP request timed out after 00:01:00.
[2023-11-09 08:58:09Z ERR  Terminal] WRITE ERROR: 2023-11-09 08:58:09Z: Runner connect error: The HTTP request timed out after 00:01:00.. Retrying until reconnected.
[2023-11-09 08:58:09Z INFO RunnerServer] Refresh MessageQueue VssConnection to get on a different AFD node.
[2023-11-09 08:58:09Z INFO RunnerServer] EstablishVssConnection
[2023-11-09 08:58:09Z INFO RunnerServer] Establish connection with 60 seconds timeout.
[2023-11-09 08:58:09Z INFO GitHubActionsService] Starting operation Location.GetConnectionData
[2023-11-09 08:58:09Z INFO GitHubActionsService] Finished operation Location.GetConnectionData
[2023-11-09 08:58:09Z INFO MessageListener] Sleeping for 28.273 seconds before retrying.
[2023-11-09 08:59:27Z INFO Terminal] WRITE LINE: 2023-11-09 08:59:27Z: Runner reconnected.
[2023-11-09 09:02:48Z INFO MessageListener] No message retrieved from session '9f4b26a3-7f04-4409-a4d6-4bf26a41f0ef' within last 30 minutes.
[2023-11-09 09:32:55Z INFO MessageListener] No message retrieved from session '9f4b26a3-7f04-4409-a4d6-4bf26a41f0ef' within last 30 minutes.
[2023-11-09 09:52:59Z INFO RSAEncryptedFileKeyManager] Loading RSA key parameters from file C:\Users\MohamedFOFANA\app1\actions-runner\.credentials_rsaparams
[2023-11-09 09:53:02Z INFO GitHubActionsService] AAD Correlation ID for this token request: Unknown
[2023-11-09 09:53:02Z WARN GitHubActionsService] Retrieving an AAD auth token took a long time (3,302458 seconds)
[2023-11-09 10:03:05Z INFO MessageListener] No message retrieved from session '9f4b26a3-7f04-4409-a4d6-4bf26a41f0ef' within last 30 minutes.
[2023-11-09 10:25:36Z WARN GitHubActionsService] GET request to https://pipelinesghubeus15.actions.githubusercontent.com/TuhIhCHKMOekCgnNwZjUpuMyiFALFfPRJBaTMKePLM0OGuVVX5/_apis/distributedtask/pools/1/messages?sessionId=9f4b26a3-7f04-4409-a4d6-4bf26a41f0ef&status=Online&runnerVersion=2.311.0&os=Windows&architecture=X64 timed out after 60 seconds.
[2023-11-09 10:25:36Z ERR  MessageListener] Catch exception during get next message.
[2023-11-09 10:25:36Z ERR  MessageListener] System.TimeoutException: The HTTP request timed out after 00:01:00.
 ---> System.Threading.Tasks.TaskCanceledException: The operation was canceled.
 ---> System.IO.IOException: Unable to read data from the transport connection: L’opération d’entrée/sortie a été abandonnée en raison de l’arrêt d’un thread ou à la demande d’une application..
 ---> System.Net.Sockets.SocketException (995): L’opération d’entrée/sortie a été abandonnée en raison de l’arrêt d’un thread ou à la demande d’une application.
   --- End of inner exception stack trace ---
   at System.Net.Sockets.Socket.AwaitableSocketAsyncEventArgs.ThrowException(SocketError error, CancellationToken cancellationToken)
   at System.Net.Sockets.Socket.AwaitableSocketAsyncEventArgs.System.Threading.Tasks.Sources.IValueTaskSource<System.Int32>.GetResult(Int16 token)
   at System.Net.Security.SslStream.EnsureFullTlsFrameAsync[TIOAdapter](TIOAdapter adapter)
   at System.Net.Security.SslStream.ReadAsyncInternal[TIOAdapter](TIOAdapter adapter, Memory`1 buffer)
   at System.Net.Http.HttpConnection.InitialFillAsync(Boolean async)
   at System.Net.Http.HttpConnection.SendAsyncCore(HttpRequestMessage request, Boolean async, CancellationToken cancellationToken)
   --- End of inner exception stack trace ---
   at System.Net.Http.HttpConnection.SendAsyncCore(HttpRequestMessage request, Boolean async, CancellationToken cancellationToken)
   at System.Net.Http.AuthenticationHelper.SendWithNtAuthAsync(HttpRequestMessage request, Uri authUri, Boolean async, ICredentials credentials, Boolean isProxyAuth, HttpConnection connection, HttpConnectionPool connectionPool, CancellationToken cancellationToken)
   at System.Net.Http.HttpConnectionPool.SendWithVersionDetectionAndRetryAsync(HttpRequestMessage request, Boolean async, Boolean doRequestAuth, CancellationToken cancellationToken)
   at System.Net.Http.AuthenticationHelper.SendWithAuthAsync(HttpRequestMessage request, Uri authUri, Boolean async, ICredentials credentials, Boolean preAuthenticate, Boolean isProxyAuth, Boolean doRequestAuth, HttpConnectionPool pool, CancellationToken cancellationToken)
   at System.Net.Http.DecompressionHandler.SendAsync(HttpRequestMessage request, Boolean async, CancellationToken cancellationToken)
   at GitHub.Services.Common.VssHttpMessageHandler.SendAsync(HttpRequestMessage request, CancellationToken cancellationToken)
   --- End of inner exception stack trace ---
   at GitHub.Services.Common.VssHttpMessageHandler.SendAsync(HttpRequestMessage request, CancellationToken cancellationToken)
   at GitHub.Services.Common.VssHttpRetryMessageHandler.SendAsync(HttpRequestMessage request, CancellationToken cancellationToken)
   at System.Net.Http.HttpClient.<SendAsync>g__Core|83_0(HttpRequestMessage request, HttpCompletionOption completionOption, CancellationTokenSource cts, Boolean disposeCts, CancellationTokenSource pendingRequestsCts, CancellationToken originalCancellationToken)
   at GitHub.Services.WebApi.VssHttpClientBase.SendAsync(HttpRequestMessage message, HttpCompletionOption completionOption, Object userState, CancellationToken cancellationToken)
   at GitHub.Services.WebApi.VssHttpClientBase.SendAsync[T](HttpRequestMessage message, Object userState, CancellationToken cancellationToken)
   at GitHub.Services.WebApi.VssHttpClientBase.SendAsync[T](HttpMethod method, IEnumerable`1 additionalHeaders, Guid locationId, Object routeValues, ApiResourceVersion version, HttpContent content, IEnumerable`1 queryParameters, Object userState, CancellationToken cancellationToken)
   at GitHub.Runner.Listener.MessageListener.GetNextMessageAsync(CancellationToken token)
[2023-11-09 10:25:36Z ERR  MessageListener] #####################################################
[2023-11-09 10:25:36Z ERR  MessageListener] System.Threading.Tasks.TaskCanceledException: The operation was canceled.
 ---> System.IO.IOException: Unable to read data from the transport connection: L’opération d’entrée/sortie a été abandonnée en raison de l’arrêt d’un thread ou à la demande d’une application..
 ---> System.Net.Sockets.SocketException (995): L’opération d’entrée/sortie a été abandonnée en raison de l’arrêt d’un thread ou à la demande d’une application.
   --- End of inner exception stack trace ---
   at System.Net.Sockets.Socket.AwaitableSocketAsyncEventArgs.ThrowException(SocketError error, CancellationToken cancellationToken)
   at System.Net.Sockets.Socket.AwaitableSocketAsyncEventArgs.System.Threading.Tasks.Sources.IValueTaskSource<System.Int32>.GetResult(Int16 token)
   at System.Net.Security.SslStream.EnsureFullTlsFrameAsync[TIOAdapter](TIOAdapter adapter)
   at System.Net.Security.SslStream.ReadAsyncInternal[TIOAdapter](TIOAdapter adapter, Memory`1 buffer)
   at System.Net.Http.HttpConnection.InitialFillAsync(Boolean async)
   at System.Net.Http.HttpConnection.SendAsyncCore(HttpRequestMessage request, Boolean async, CancellationToken cancellationToken)
   --- End of inner exception stack trace ---
   at System.Net.Http.HttpConnection.SendAsyncCore(HttpRequestMessage request, Boolean async, CancellationToken cancellationToken)
   at System.Net.Http.AuthenticationHelper.SendWithNtAuthAsync(HttpRequestMessage request, Uri authUri, Boolean async, ICredentials credentials, Boolean isProxyAuth, HttpConnection connection, HttpConnectionPool connectionPool, CancellationToken cancellationToken)
   at System.Net.Http.HttpConnectionPool.SendWithVersionDetectionAndRetryAsync(HttpRequestMessage request, Boolean async, Boolean doRequestAuth, CancellationToken cancellationToken)
   at System.Net.Http.AuthenticationHelper.SendWithAuthAsync(HttpRequestMessage request, Uri authUri, Boolean async, ICredentials credentials, Boolean preAuthenticate, Boolean isProxyAuth, Boolean doRequestAuth, HttpConnectionPool pool, CancellationToken cancellationToken)
   at System.Net.Http.DecompressionHandler.SendAsync(HttpRequestMessage request, Boolean async, CancellationToken cancellationToken)
   at GitHub.Services.Common.VssHttpMessageHandler.SendAsync(HttpRequestMessage request, CancellationToken cancellationToken)
[2023-11-09 10:25:36Z ERR  MessageListener] #####################################################
[2023-11-09 10:25:36Z ERR  MessageListener] System.IO.IOException: Unable to read data from the transport connection: L’opération d’entrée/sortie a été abandonnée en raison de l’arrêt d’un thread ou à la demande d’une application..
 ---> System.Net.Sockets.SocketException (995): L’opération d’entrée/sortie a été abandonnée en raison de l’arrêt d’un thread ou à la demande d’une application.
   --- End of inner exception stack trace ---
   at System.Net.Sockets.Socket.AwaitableSocketAsyncEventArgs.ThrowException(SocketError error, CancellationToken cancellationToken)
   at System.Net.Sockets.Socket.AwaitableSocketAsyncEventArgs.System.Threading.Tasks.Sources.IValueTaskSource<System.Int32>.GetResult(Int16 token)
   at System.Net.Security.SslStream.EnsureFullTlsFrameAsync[TIOAdapter](TIOAdapter adapter)
   at System.Net.Security.SslStream.ReadAsyncInternal[TIOAdapter](TIOAdapter adapter, Memory`1 buffer)
   at System.Net.Http.HttpConnection.InitialFillAsync(Boolean async)
   at System.Net.Http.HttpConnection.SendAsyncCore(HttpRequestMessage request, Boolean async, CancellationToken cancellationToken)
[2023-11-09 10:25:36Z ERR  MessageListener] #####################################################
[2023-11-09 10:25:36Z ERR  MessageListener] System.Net.Sockets.SocketException (995): L’opération d’entrée/sortie a été abandonnée en raison de l’arrêt d’un thread ou à la demande d’une application.
[2023-11-09 10:25:36Z INFO MessageListener] Retriable exception: The HTTP request timed out after 00:01:00.
[2023-11-09 10:25:36Z ERR  Terminal] WRITE ERROR: 2023-11-09 10:25:36Z: Runner connect error: The HTTP request timed out after 00:01:00.. Retrying until reconnected.
[2023-11-09 10:25:36Z INFO RunnerServer] Refresh MessageQueue VssConnection to get on a different AFD node.
[2023-11-09 10:25:36Z INFO RunnerServer] EstablishVssConnection
[2023-11-09 10:25:36Z INFO RunnerServer] Establish connection with 60 seconds timeout.
[2023-11-09 10:25:36Z INFO GitHubActionsService] Starting operation Location.GetConnectionData
[2023-11-09 10:25:36Z INFO GitHubActionsService] Finished operation Location.GetConnectionData
[2023-11-09 10:25:36Z INFO MessageListener] Sleeping for 18.857 seconds before retrying.
[2023-11-09 10:26:45Z INFO Terminal] WRITE LINE: 2023-11-09 10:26:45Z: Runner reconnected.
[2023-11-09 10:33:26Z INFO MessageListener] No message retrieved from session '9f4b26a3-7f04-4409-a4d6-4bf26a41f0ef' within last 30 minutes.
[2023-11-09 10:48:29Z INFO RSAEncryptedFileKeyManager] Loading RSA key parameters from file C:\Users\MohamedFOFANA\app1\actions-runner\.credentials_rsaparams
[2023-11-09 10:48:44Z INFO GitHubActionsService] AAD Correlation ID for this token request: Unknown
[2023-11-09 10:48:44Z WARN GitHubActionsService] Retrieving an AAD auth token took a long time (15,2798416 seconds)
[2023-11-09 10:49:29Z WARN GitHubActionsService] GET request to https://pipelinesghubeus15.actions.githubusercontent.com/TuhIhCHKMOekCgnNwZjUpuMyiFALFfPRJBaTMKePLM0OGuVVX5/_apis/distributedtask/pools/1/messages?sessionId=9f4b26a3-7f04-4409-a4d6-4bf26a41f0ef&status=Online&runnerVersion=2.311.0&os=Windows&architecture=X64 timed out after 60 seconds.
[2023-11-09 10:49:29Z ERR  MessageListener] Catch exception during get next message.
[2023-11-09 10:49:29Z ERR  MessageListener] System.TimeoutException: The HTTP request timed out after 00:01:00.
 ---> System.Threading.Tasks.TaskCanceledException: The operation was canceled.
 ---> System.IO.IOException: Unable to read data from the transport connection: L’opération d’entrée/sortie a été abandonnée en raison de l’arrêt d’un thread ou à la demande d’une application..
 ---> System.Net.Sockets.SocketException (995): L’opération d’entrée/sortie a été abandonnée en raison de l’arrêt d’un thread ou à la demande d’une application.
   --- End of inner exception stack trace ---
   at System.Net.Sockets.Socket.AwaitableSocketAsyncEventArgs.ThrowException(SocketError error, CancellationToken cancellationToken)
   at System.Net.Sockets.Socket.AwaitableSocketAsyncEventArgs.System.Threading.Tasks.Sources.IValueTaskSource<System.Int32>.GetResult(Int16 token)
   at System.Net.Security.SslStream.ReadAsyncInternal[TIOAdapter](TIOAdapter adapter, Memory`1 buffer)
   at System.Net.Http.HttpConnection.<CheckUsabilityOnScavenge>g__ReadAheadWithZeroByteReadAsync|45_0()
   at System.Net.Http.HttpConnection.SendAsyncCore(HttpRequestMessage request, Boolean async, CancellationToken cancellationToken)
   --- End of inner exception stack trace ---
   at System.Net.Http.HttpConnection.SendAsyncCore(HttpRequestMessage request, Boolean async, CancellationToken cancellationToken)
   at System.Net.Http.AuthenticationHelper.SendWithNtAuthAsync(HttpRequestMessage request, Uri authUri, Boolean async, ICredentials credentials, Boolean isProxyAuth, HttpConnection connection, HttpConnectionPool connectionPool, CancellationToken cancellationToken)
   at System.Net.Http.HttpConnectionPool.SendWithVersionDetectionAndRetryAsync(HttpRequestMessage request, Boolean async, Boolean doRequestAuth, CancellationToken cancellationToken)
   at System.Net.Http.AuthenticationHelper.SendWithAuthAsync(HttpRequestMessage request, Uri authUri, Boolean async, ICredentials credentials, Boolean preAuthenticate, Boolean isProxyAuth, Boolean doRequestAuth, HttpConnectionPool pool, CancellationToken cancellationToken)
   at System.Net.Http.DecompressionHandler.SendAsync(HttpRequestMessage request, Boolean async, CancellationToken cancellationToken)
   at GitHub.Services.Common.VssHttpMessageHandler.SendAsync(HttpRequestMessage request, CancellationToken cancellationToken)
   --- End of inner exception stack trace ---
   at GitHub.Services.Common.VssHttpMessageHandler.SendAsync(HttpRequestMessage request, CancellationToken cancellationToken)
   at GitHub.Services.Common.VssHttpRetryMessageHandler.SendAsync(HttpRequestMessage request, CancellationToken cancellationToken)
   at System.Net.Http.HttpClient.<SendAsync>g__Core|83_0(HttpRequestMessage request, HttpCompletionOption completionOption, CancellationTokenSource cts, Boolean disposeCts, CancellationTokenSource pendingRequestsCts, CancellationToken originalCancellationToken)
   at GitHub.Services.WebApi.VssHttpClientBase.SendAsync(HttpRequestMessage message, HttpCompletionOption completionOption, Object userState, CancellationToken cancellationToken)
   at GitHub.Services.WebApi.VssHttpClientBase.SendAsync[T](HttpRequestMessage message, Object userState, CancellationToken cancellationToken)
   at GitHub.Services.WebApi.VssHttpClientBase.SendAsync[T](HttpMethod method, IEnumerable`1 additionalHeaders, Guid locationId, Object routeValues, ApiResourceVersion version, HttpContent content, IEnumerable`1 queryParameters, Object userState, CancellationToken cancellationToken)
   at GitHub.Runner.Listener.MessageListener.GetNextMessageAsync(CancellationToken token)
[2023-11-09 10:49:29Z ERR  MessageListener] #####################################################
[2023-11-09 10:49:29Z ERR  MessageListener] System.Threading.Tasks.TaskCanceledException: The operation was canceled.
 ---> System.IO.IOException: Unable to read data from the transport connection: L’opération d’entrée/sortie a été abandonnée en raison de l’arrêt d’un thread ou à la demande d’une application..
 ---> System.Net.Sockets.SocketException (995): L’opération d’entrée/sortie a été abandonnée en raison de l’arrêt d’un thread ou à la demande d’une application.
   --- End of inner exception stack trace ---
   at System.Net.Sockets.Socket.AwaitableSocketAsyncEventArgs.ThrowException(SocketError error, CancellationToken cancellationToken)
   at System.Net.Sockets.Socket.AwaitableSocketAsyncEventArgs.System.Threading.Tasks.Sources.IValueTaskSource<System.Int32>.GetResult(Int16 token)
   at System.Net.Security.SslStream.ReadAsyncInternal[TIOAdapter](TIOAdapter adapter, Memory`1 buffer)
   at System.Net.Http.HttpConnection.<CheckUsabilityOnScavenge>g__ReadAheadWithZeroByteReadAsync|45_0()
   at System.Net.Http.HttpConnection.SendAsyncCore(HttpRequestMessage request, Boolean async, CancellationToken cancellationToken)
   --- End of inner exception stack trace ---
   at System.Net.Http.HttpConnection.SendAsyncCore(HttpRequestMessage request, Boolean async, CancellationToken cancellationToken)
   at System.Net.Http.AuthenticationHelper.SendWithNtAuthAsync(HttpRequestMessage request, Uri authUri, Boolean async, ICredentials credentials, Boolean isProxyAuth, HttpConnection connection, HttpConnectionPool connectionPool, CancellationToken cancellationToken)
   at System.Net.Http.HttpConnectionPool.SendWithVersionDetectionAndRetryAsync(HttpRequestMessage request, Boolean async, Boolean doRequestAuth, CancellationToken cancellationToken)
   at System.Net.Http.AuthenticationHelper.SendWithAuthAsync(HttpRequestMessage request, Uri authUri, Boolean async, ICredentials credentials, Boolean preAuthenticate, Boolean isProxyAuth, Boolean doRequestAuth, HttpConnectionPool pool, CancellationToken cancellationToken)
   at System.Net.Http.DecompressionHandler.SendAsync(HttpRequestMessage request, Boolean async, CancellationToken cancellationToken)
   at GitHub.Services.Common.VssHttpMessageHandler.SendAsync(HttpRequestMessage request, CancellationToken cancellationToken)
[2023-11-09 10:49:29Z ERR  MessageListener] #####################################################
[2023-11-09 10:49:29Z ERR  MessageListener] System.IO.IOException: Unable to read data from the transport connection: L’opération d’entrée/sortie a été abandonnée en raison de l’arrêt d’un thread ou à la demande d’une application..
 ---> System.Net.Sockets.SocketException (995): L’opération d’entrée/sortie a été abandonnée en raison de l’arrêt d’un thread ou à la demande d’une application.
   --- End of inner exception stack trace ---
   at System.Net.Sockets.Socket.AwaitableSocketAsyncEventArgs.ThrowException(SocketError error, CancellationToken cancellationToken)
   at System.Net.Sockets.Socket.AwaitableSocketAsyncEventArgs.System.Threading.Tasks.Sources.IValueTaskSource<System.Int32>.GetResult(Int16 token)
   at System.Net.Security.SslStream.ReadAsyncInternal[TIOAdapter](TIOAdapter adapter, Memory`1 buffer)
   at System.Net.Http.HttpConnection.<CheckUsabilityOnScavenge>g__ReadAheadWithZeroByteReadAsync|45_0()
   at System.Net.Http.HttpConnection.SendAsyncCore(HttpRequestMessage request, Boolean async, CancellationToken cancellationToken)
[2023-11-09 10:49:29Z ERR  MessageListener] #####################################################
[2023-11-09 10:49:29Z ERR  MessageListener] System.Net.Sockets.SocketException (995): L’opération d’entrée/sortie a été abandonnée en raison de l’arrêt d’un thread ou à la demande d’une application.
[2023-11-09 10:49:29Z INFO MessageListener] Retriable exception: The HTTP request timed out after 00:01:00.
[2023-11-09 10:49:29Z ERR  Terminal] WRITE ERROR: 2023-11-09 10:49:29Z: Runner connect error: The HTTP request timed out after 00:01:00.. Retrying until reconnected.
[2023-11-09 10:49:29Z INFO RunnerServer] Refresh MessageQueue VssConnection to get on a different AFD node.
[2023-11-09 10:49:29Z INFO RunnerServer] EstablishVssConnection
[2023-11-09 10:49:29Z INFO RunnerServer] Establish connection with 60 seconds timeout.
[2023-11-09 10:49:29Z INFO GitHubActionsService] Starting operation Location.GetConnectionData
[2023-11-09 10:49:29Z INFO GitHubActionsService] Finished operation Location.GetConnectionData
[2023-11-09 10:49:29Z INFO MessageListener] Sleeping for 16.505 seconds before retrying.
[2023-11-09 10:50:36Z INFO Terminal] WRITE LINE: 2023-11-09 10:50:36Z: Runner reconnected.
[2023-11-09 11:03:58Z INFO MessageListener] No message retrieved from session '9f4b26a3-7f04-4409-a4d6-4bf26a41f0ef' within last 30 minutes.
[2023-11-09 11:34:04Z INFO MessageListener] No message retrieved from session '9f4b26a3-7f04-4409-a4d6-4bf26a41f0ef' within last 30 minutes.
[2023-11-09 11:44:06Z INFO RSAEncryptedFileKeyManager] Loading RSA key parameters from file C:\Users\MohamedFOFANA\app1\actions-runner\.credentials_rsaparams
[2023-11-09 11:44:14Z INFO GitHubActionsService] AAD Correlation ID for this token request: Unknown
[2023-11-09 11:44:14Z WARN GitHubActionsService] Retrieving an AAD auth token took a long time (8,4791465 seconds)
[2023-11-09 12:43:09Z WARN GitHubActionsService] GET request to https://pipelinesghubeus15.actions.githubusercontent.com/TuhIhCHKMOekCgnNwZjUpuMyiFALFfPRJBaTMKePLM0OGuVVX5/_apis/distributedtask/pools/1/messages?sessionId=9f4b26a3-7f04-4409-a4d6-4bf26a41f0ef&status=Online&runnerVersion=2.311.0&os=Windows&architecture=X64 timed out after 60 seconds.
[2023-11-09 12:43:09Z ERR  MessageListener] Catch exception during get next message.
[2023-11-09 12:43:09Z ERR  MessageListener] System.TimeoutException: The HTTP request timed out after 00:01:00.
 ---> System.Threading.Tasks.TaskCanceledException: The operation was canceled.
 ---> System.IO.IOException: Unable to read data from the transport connection: L’opération d’entrée/sortie a été abandonnée en raison de l’arrêt d’un thread ou à la demande d’une application..
 ---> System.Net.Sockets.SocketException (995): L’opération d’entrée/sortie a été abandonnée en raison de l’arrêt d’un thread ou à la demande d’une application.
   --- End of inner exception stack trace ---
   at System.Net.Sockets.Socket.AwaitableSocketAsyncEventArgs.ThrowException(SocketError error, CancellationToken cancellationToken)
   at System.Net.Sockets.Socket.AwaitableSocketAsyncEventArgs.System.Threading.Tasks.Sources.IValueTaskSource<System.Int32>.GetResult(Int16 token)
   at System.Net.Security.SslStream.EnsureFullTlsFrameAsync[TIOAdapter](TIOAdapter adapter)
   at System.Net.Security.SslStream.ReadAsyncInternal[TIOAdapter](TIOAdapter adapter, Memory`1 buffer)
   at System.Net.Http.HttpConnection.SendAsyncCore(HttpRequestMessage request, Boolean async, CancellationToken cancellationToken)
   --- End of inner exception stack trace ---
   at System.Net.Http.HttpConnection.SendAsyncCore(HttpRequestMessage request, Boolean async, CancellationToken cancellationToken)
   at System.Net.Http.AuthenticationHelper.SendWithNtAuthAsync(HttpRequestMessage request, Uri authUri, Boolean async, ICredentials credentials, Boolean isProxyAuth, HttpConnection connection, HttpConnectionPool connectionPool, CancellationToken cancellationToken)
   at System.Net.Http.HttpConnectionPool.SendWithVersionDetectionAndRetryAsync(HttpRequestMessage request, Boolean async, Boolean doRequestAuth, CancellationToken cancellationToken)
   at System.Net.Http.AuthenticationHelper.SendWithAuthAsync(HttpRequestMessage request, Uri authUri, Boolean async, ICredentials credentials, Boolean preAuthenticate, Boolean isProxyAuth, Boolean doRequestAuth, HttpConnectionPool pool, CancellationToken cancellationToken)
   at System.Net.Http.DecompressionHandler.SendAsync(HttpRequestMessage request, Boolean async, CancellationToken cancellationToken)
   at GitHub.Services.Common.VssHttpMessageHandler.SendAsync(HttpRequestMessage request, CancellationToken cancellationToken)
   --- End of inner exception stack trace ---
   at GitHub.Services.Common.VssHttpMessageHandler.SendAsync(HttpRequestMessage request, CancellationToken cancellationToken)
   at GitHub.Services.Common.VssHttpRetryMessageHandler.SendAsync(HttpRequestMessage request, CancellationToken cancellationToken)
   at System.Net.Http.HttpClient.<SendAsync>g__Core|83_0(HttpRequestMessage request, HttpCompletionOption completionOption, CancellationTokenSource cts, Boolean disposeCts, CancellationTokenSource pendingRequestsCts, CancellationToken originalCancellationToken)
   at GitHub.Services.WebApi.VssHttpClientBase.SendAsync(HttpRequestMessage message, HttpCompletionOption completionOption, Object userState, CancellationToken cancellationToken)
   at GitHub.Services.WebApi.VssHttpClientBase.SendAsync[T](HttpRequestMessage message, Object userState, CancellationToken cancellationToken)
   at GitHub.Services.WebApi.VssHttpClientBase.SendAsync[T](HttpMethod method, IEnumerable`1 additionalHeaders, Guid locationId, Object routeValues, ApiResourceVersion version, HttpContent content, IEnumerable`1 queryParameters, Object userState, CancellationToken cancellationToken)
   at GitHub.Runner.Listener.MessageListener.GetNextMessageAsync(CancellationToken token)
[2023-11-09 12:43:09Z ERR  MessageListener] #####################################################
[2023-11-09 12:43:09Z ERR  MessageListener] System.Threading.Tasks.TaskCanceledException: The operation was canceled.
 ---> System.IO.IOException: Unable to read data from the transport connection: L’opération d’entrée/sortie a été abandonnée en raison de l’arrêt d’un thread ou à la demande d’une application..
 ---> System.Net.Sockets.SocketException (995): L’opération d’entrée/sortie a été abandonnée en raison de l’arrêt d’un thread ou à la demande d’une application.
   --- End of inner exception stack trace ---
   at System.Net.Sockets.Socket.AwaitableSocketAsyncEventArgs.ThrowException(SocketError error, CancellationToken cancellationToken)
   at System.Net.Sockets.Socket.AwaitableSocketAsyncEventArgs.System.Threading.Tasks.Sources.IValueTaskSource<System.Int32>.GetResult(Int16 token)
   at System.Net.Security.SslStream.EnsureFullTlsFrameAsync[TIOAdapter](TIOAdapter adapter)
   at System.Net.Security.SslStream.ReadAsyncInternal[TIOAdapter](TIOAdapter adapter, Memory`1 buffer)
   at System.Net.Http.HttpConnection.SendAsyncCore(HttpRequestMessage request, Boolean async, CancellationToken cancellationToken)
   --- End of inner exception stack trace ---
   at System.Net.Http.HttpConnection.SendAsyncCore(HttpRequestMessage request, Boolean async, CancellationToken cancellationToken)
   at System.Net.Http.AuthenticationHelper.SendWithNtAuthAsync(HttpRequestMessage request, Uri authUri, Boolean async, ICredentials credentials, Boolean isProxyAuth, HttpConnection connection, HttpConnectionPool connectionPool, CancellationToken cancellationToken)
   at System.Net.Http.HttpConnectionPool.SendWithVersionDetectionAndRetryAsync(HttpRequestMessage request, Boolean async, Boolean doRequestAuth, CancellationToken cancellationToken)
   at System.Net.Http.AuthenticationHelper.SendWithAuthAsync(HttpRequestMessage request, Uri authUri, Boolean async, ICredentials credentials, Boolean preAuthenticate, Boolean isProxyAuth, Boolean doRequestAuth, HttpConnectionPool pool, CancellationToken cancellationToken)
   at System.Net.Http.DecompressionHandler.SendAsync(HttpRequestMessage request, Boolean async, CancellationToken cancellationToken)
   at GitHub.Services.Common.VssHttpMessageHandler.SendAsync(HttpRequestMessage request, CancellationToken cancellationToken)
[2023-11-09 12:43:09Z ERR  MessageListener] #####################################################
[2023-11-09 12:43:09Z ERR  MessageListener] System.IO.IOException: Unable to read data from the transport connection: L’opération d’entrée/sortie a été abandonnée en raison de l’arrêt d’un thread ou à la demande d’une application..
 ---> System.Net.Sockets.SocketException (995): L’opération d’entrée/sortie a été abandonnée en raison de l’arrêt d’un thread ou à la demande d’une application.
   --- End of inner exception stack trace ---
   at System.Net.Sockets.Socket.AwaitableSocketAsyncEventArgs.ThrowException(SocketError error, CancellationToken cancellationToken)
   at System.Net.Sockets.Socket.AwaitableSocketAsyncEventArgs.System.Threading.Tasks.Sources.IValueTaskSource<System.Int32>.GetResult(Int16 token)
   at System.Net.Security.SslStream.EnsureFullTlsFrameAsync[TIOAdapter](TIOAdapter adapter)
   at System.Net.Security.SslStream.ReadAsyncInternal[TIOAdapter](TIOAdapter adapter, Memory`1 buffer)
   at System.Net.Http.HttpConnection.SendAsyncCore(HttpRequestMessage request, Boolean async, CancellationToken cancellationToken)
[2023-11-09 12:43:09Z ERR  MessageListener] #####################################################
[2023-11-09 12:43:09Z ERR  MessageListener] System.Net.Sockets.SocketException (995): L’opération d’entrée/sortie a été abandonnée en raison de l’arrêt d’un thread ou à la demande d’une application.
[2023-11-09 12:43:09Z INFO MessageListener] Retriable exception: The HTTP request timed out after 00:01:00.
[2023-11-09 12:43:09Z ERR  Terminal] WRITE ERROR: 2023-11-09 12:43:09Z: Runner connect error: The HTTP request timed out after 00:01:00.. Retrying until reconnected.
[2023-11-09 12:43:09Z INFO RunnerServer] Refresh MessageQueue VssConnection to get on a different AFD node.
[2023-11-09 12:43:09Z INFO RunnerServer] EstablishVssConnection
[2023-11-09 12:43:09Z INFO RunnerServer] Establish connection with 60 seconds timeout.
[2023-11-09 12:43:10Z INFO GitHubActionsService] Starting operation Location.GetConnectionData
[2023-11-09 12:43:10Z INFO GitHubActionsService] Finished operation Location.GetConnectionData
[2023-11-09 12:43:10Z INFO MessageListener] Sleeping for 20.34 seconds before retrying.
[2023-11-09 12:43:30Z INFO MessageListener] No message retrieved from session '9f4b26a3-7f04-4409-a4d6-4bf26a41f0ef' within last 30 minutes.
[2023-11-09 12:43:30Z INFO RSAEncryptedFileKeyManager] Loading RSA key parameters from file C:\Users\MohamedFOFANA\app1\actions-runner\.credentials_rsaparams
[2023-11-09 12:43:38Z INFO GitHubActionsService] AAD Correlation ID for this token request: Unknown
[2023-11-09 12:43:38Z WARN GitHubActionsService] Retrieving an AAD auth token took a long time (7,5324217 seconds)
[2023-11-09 12:44:28Z INFO Terminal] WRITE LINE: 2023-11-09 12:44:28Z: Runner reconnected.
[2023-11-09 13:13:43Z INFO MessageListener] No message retrieved from session '9f4b26a3-7f04-4409-a4d6-4bf26a41f0ef' within last 30 minutes.
[2023-11-09 13:31:16Z INFO Terminal] WRITE LINE: Exiting...
[2023-11-09 13:31:16Z INFO ConfigurationStore] IsServiceConfigured()
[2023-11-09 13:31:16Z INFO ConfigurationStore] IsServiceConfigured: False
[2023-11-09 13:31:16Z INFO HostContext] Runner will be shutdown for UserCancelled
[2023-11-09 13:31:16Z WARN GitHubActionsService] GET request to https://pipelinesghubeus15.actions.githubusercontent.com/TuhIhCHKMOekCgnNwZjUpuMyiFALFfPRJBaTMKePLM0OGuVVX5/_apis/distributedtask/pools/1/messages?sessionId=9f4b26a3-7f04-4409-a4d6-4bf26a41f0ef&status=Online&runnerVersion=2.311.0&os=Windows&architecture=X64 has been cancelled.
[2023-11-09 13:31:16Z INFO MessageListener] Get next message has been cancelled.
[2023-11-09 13:31:16Z INFO JobDispatcher] Shutting down JobDispatcher. Make sure all WorkerDispatcher has finished.
[2023-11-09 13:31:16Z INFO Listener] Runner execution been cancelled.
